<?xml version='1.0' encoding='UTF-8'?>
<testsuite hostname="C02YX4SXLVDQ" name="ShoppingServiceSpec" tests="17" errors="0" failures="0" skipped="0" time="0.205" timestamp="2024-08-12T13:25:07">
          <properties>
[...]
</properties>
          <testcase classname="ShoppingServiceSpec" name="ShoppingSpecService should generate a unique CartId when the store is empty" time="0.175">
                      
                    </testcase><testcase classname="ShoppingServiceSpec" name="ShoppingSpecService should generate a unique CartId when the store already contains some ids" time="0.005">
                      
                    </testcase><testcase classname="ShoppingServiceSpec" name="ShoppingSpecService should create a cart and add it to the cartStore" time="0.009">
                      
                    </testcase><testcase classname="ShoppingServiceSpec" name="ShoppingSpecService should retrieve a cart by ID from the cartStore" time="0.001">
                      
                    </testcase><testcase classname="ShoppingServiceSpec" name="ShoppingSpecService should safely handle when cart not present" time="0.0">
                      
                    </testcase><testcase classname="ShoppingServiceSpec" name="ShoppingSpecService should add items to the cart and update the item quantity" time="0.002">
                      
                    </testcase><testcase classname="ShoppingServiceSpec" name="ShoppingSpecService should update the quantity of an existing item in the cart" time="0.001">
                      
                    </testcase><testcase classname="ShoppingServiceSpec" name="ShoppingSpecService should add a new product to the cart" time="0.001">
                      
                    </testcase><testcase classname="ShoppingServiceSpec" name="ShoppingSpecService should remove an item from the cart" time="0.004">
                      
                    </testcase><testcase classname="ShoppingServiceSpec" name="ShoppingSpecService should remove an item from the cart whilst leaving other items in the cart" time="0.0">
                      
                    </testcase><testcase classname="ShoppingServiceSpec" name="ShoppingSpecService should delete a cart from the cartStore" time="0.0">
                      
                    </testcase><testcase classname="ShoppingServiceSpec" name="ShoppingSpecService should delete a cart from the cartStore whilst leaving other carts in the cart store" time="0.0">
                      
                    </testcase><testcase classname="ShoppingServiceSpec" name="ShoppingSpecService should mark a cart as checked out" time="0.001">
                      
                    </testcase><testcase classname="ShoppingServiceSpec" name="ShoppingSpecService should not affect the items in the cart when marking as checked out" time="0.001">
                      
                    </testcase><testcase classname="ShoppingServiceSpec" name="ShoppingSpecService should calculate the total price for a cart with one product" time="0.003">
                      
                    </testcase><testcase classname="ShoppingServiceSpec" name="ShoppingSpecService should calculate the total price for a cart with multiple products" time="0.001">
                      
                    </testcase><testcase classname="ShoppingServiceSpec" name="ShoppingSpecService should return 0 for an empty cart" time="0.001">
                      
                    </testcase>
          <system-out><![CDATA[]]></system-out>
          <system-err><![CDATA[]]></system-err>
        </testsuite>